2026-03-25 21:58:49,503 INFO Pipeline started
2026-03-25 21:58:49,511 INFO Pipeline completed successfully
2026-03-25 22:10:16,651 INFO Pipeline started
2026-03-25 22:10:16,658 INFO Pipeline completed successfully
2026-03-25 22:19:11,964 INFO Pipeline started
2026-03-25 22:19:12,449 INFO Pipeline completed successfully
2026-03-25 22:24:42,561 INFO Pipeline started
2026-03-25 22:24:42,846 INFO Pipeline completed successfully
2026-03-25 22:27:30,615 INFO Pipeline started
2026-03-25 22:27:31,077 INFO provenance: environmental_measurements.csv schema_valid=True
2026-03-25 22:27:31,077 INFO provenance: environmental_measurements.csv value_range_valid=True
2026-03-25 22:27:31,078 INFO provenance: environmental_measurements.csv duplicates_found=False
2026-03-25 22:27:31,079 INFO provenance: environmental_measurements.csv missing_before=0 missing_after=0
2026-03-25 22:27:31,080 INFO provenance: chemical_data.json json_records=3
2026-03-25 22:27:31,080 INFO provenance: api_data.json json_records=2
2026-03-25 22:27:31,084 INFO Pipeline completed successfully
2026-03-25 22:43:12,746 INFO Pipeline started
2026-03-25 22:43:13,164 INFO provenance: environmental_measurements.csv schema_valid=True
2026-03-25 22:43:13,165 INFO provenance: environmental_measurements.csv value_range_valid=True
2026-03-25 22:43:13,165 INFO provenance: environmental_measurements.csv duplicates_found=False
2026-03-25 22:43:13,166 INFO provenance: environmental_measurements.csv missing_before=0 missing_after=0
2026-03-25 22:43:13,167 INFO provenance: chemical_data.json json_records=3
2026-03-25 22:43:13,167 INFO provenance: api_data.json json_records=2
2026-03-25 22:43:13,171 INFO Pipeline completed successfully
